<?xml version="1.0" encoding="utf-8"?><testsuites name="pytest tests"><testsuite name="pytest" errors="0" failures="0" skipped="0" tests="10" time="2.623" timestamp="2026-08-08T18:11:46.148428+00:00" hostname="agent-env-7bed141a-f3de-4d77-9445-a413da7deda5"><testcase classname="tests.test_iter8_backups" name="test_post_backup_no_auth" time="0.266" /><testcase classname="tests.test_iter8_backups" name="test_post_backup_staff_forbidden" time="0.395" /><testcase classname="tests.test_iter8_backups" name="test_post_backup_admin_returns_metadata" time="0.724" /><testcase classname="tests.test_iter8_backups" name="test_list_backups_staff_forbidden" time="0.051" /><testcase classname="tests.test_iter8_backups" name="test_list_backups_admin_desc" time="0.053" /><testcase classname="tests.test_iter8_backups" name="test_download_backup_not_found" time="0.060" /><testcase classname="tests.test_iter8_backups" name="test_download_backup_staff_forbidden" time="0.056" /><testcase classname="tests.test_iter8_backups" name="test_download_backup_admin_content" time="0.292" /><testcase classname="tests.test_iter8_backups" name="test_backup_logged_to_activity_logs" time="0.059" /><testcase classname="tests.test_iter8_backups" name="test_counts_match_actual_data" time="0.163" /></testsuite></testsuites>