<?xml version="1.0" encoding="utf-8"?><testsuites name="pytest tests"><testsuite name="pytest" errors="0" failures="0" skipped="1" tests="14" time="20.551" timestamp="2026-08-08T18:35:11.007076+00:00" hostname="agent-env-7bed141a-f3de-4d77-9445-a413da7deda5"><testcase classname="tests.test_iter11_public_catalog.TestPublicCatalogPhoto" name="test_photo_no_auth_returns_image" time="19.672" /><testcase classname="tests.test_iter11_public_catalog.TestPublicCatalog" name="test_catalog_no_auth_returns_200" time="0.125" /><testcase classname="tests.test_iter11_public_catalog.TestPublicCatalog" name="test_catalog_structure" time="0.000" /><testcase classname="tests.test_iter11_public_catalog.TestPublicCatalog" name="test_catalog_item_fields" time="0.000" /><testcase classname="tests.test_iter11_public_catalog.TestPublicCatalog" name="test_no_bahan_baku_in_catalog" time="0.000" /><testcase classname="tests.test_iter11_public_catalog.TestPublicCatalog" name="test_seed_barang_jadi_present" time="0.000" /><testcase classname="tests.test_iter11_public_catalog.TestPublicCatalog" name="test_has_photo_for_seeded_sku" time="0.000" /><testcase classname="tests.test_iter11_public_catalog.TestAuthRegression" name="test_inventory_still_requires_auth" time="0.099" /><testcase classname="tests.test_iter11_public_catalog.TestAuthRegression" name="test_admin_photo_endpoint_still_requires_auth" time="0.102" /><testcase classname="tests.test_iter11_public_catalog.TestAuthRegression" name="test_sales_requires_auth" time="0.101" /><testcase classname="tests.test_iter11_public_catalog.TestPriceLogic" name="test_price_positive_number" time="0.104" /><testcase classname="tests.test_iter11_public_catalog.TestPublicCatalogPhoto" name="test_photo_non_existent_sku_404" time="0.159" /><testcase classname="tests.test_iter11_public_catalog.TestPublicCatalogPhoto" name="test_photo_bahan_baku_blocked_404" time="0.110" /><testcase classname="tests.test_iter11_public_catalog.TestPublicCatalogPhoto" name="test_photo_without_photo_path_404" time="0.109"><skipped type="pytest.skip" message="All catalog items have photos">/app/backend/tests/test_iter11_public_catalog.py:85: All catalog items have photos</skipped></testcase></testsuite></testsuites>