<?xml version="1.0" encoding="utf-8"?><testsuites name="pytest tests"><testsuite name="pytest" errors="0" failures="0" skipped="0" tests="31" time="3.276" timestamp="2026-08-15T01:39:59.239877+00:00" hostname="agent-env-7bed141a-f3de-4d77-9445-a413da7deda5"><testcase classname="tests.test_iter16_accounting.TestRegression" name="test_endpoint_ok[/reports]" time="0.647" /><testcase classname="tests.test_iter16_accounting.TestCashMovements" name="test_create_valid" time="0.748" /><testcase classname="tests.test_iter16_accounting.TestRegression" name="test_endpoint_ok[/reports/detail?kind=revenue]" time="0.056" /><testcase classname="tests.test_iter16_accounting.TestRegression" name="test_endpoint_ok[/sales-by-channel]" time="0.098" /><testcase classname="tests.test_iter16_accounting.TestCashMovements" name="test_create_invalid[bad0-category]" time="0.054" /><testcase classname="tests.test_iter16_accounting.TestRegression" name="test_endpoint_ok[/purchases]" time="0.054" /><testcase classname="tests.test_iter16_accounting.TestCashMovements" name="test_create_invalid[bad1-account]" time="0.050" /><testcase classname="tests.test_iter16_accounting.TestCashMovements" name="test_create_invalid[bad2-direction]" time="0.047" /><testcase classname="tests.test_iter16_accounting.TestRegression" name="test_endpoint_ok[/sales]" time="0.052" /><testcase classname="tests.test_iter16_accounting.TestCashMovements" name="test_create_invalid[bad3-amount]" time="0.051" /><testcase classname="tests.test_iter16_accounting.TestRegression" name="test_endpoint_ok[/opex]" time="0.090" /><testcase classname="tests.test_iter16_accounting.TestCashMovements" name="test_create_invalid[bad4-date]" time="0.048" /><testcase classname="tests.test_iter16_accounting.TestRegression" name="test_endpoint_ok[/inventory]" time="0.045" /><testcase classname="tests.test_iter16_accounting.TestRegression" name="test_endpoint_ok[/activity-logs]" time="0.047" /><testcase classname="tests.test_iter16_accounting.TestRegression" name="test_endpoint_ok[/backups]" time="0.258" /><testcase classname="tests.test_iter16_accounting.TestRegression" name="test_endpoint_ok[/ledger]" time="0.067" /><testcase classname="tests.test_iter16_accounting.TestCashMovements" name="test_staff_forbidden" time="0.428" /><testcase classname="tests.test_iter16_accounting.TestAssets" name="test_create_and_derived" time="0.135" /><testcase classname="tests.test_iter16_accounting.TestCashMovements" name="test_no_auth_401" time="0.113" /><testcase classname="tests.test_iter16_accounting.TestCashMovements" name="test_list_sorted_desc" time="0.385" /><testcase classname="tests.test_iter16_accounting.TestAssets" name="test_create_invalid[bad0-date]" time="0.046" /><testcase classname="tests.test_iter16_accounting.TestAssets" name="test_create_invalid[bad1-cost]" time="0.093" /><testcase classname="tests.test_iter16_accounting.TestAssets" name="test_create_invalid[bad2-life]" time="0.047" /><testcase classname="tests.test_iter16_accounting.TestAssets" name="test_create_invalid[bad3-salvage&gt;=cost]" time="0.088" /><testcase classname="tests.test_iter16_accounting.TestAssets" name="test_list_has_derived" time="0.046" /><testcase classname="tests.test_iter16_accounting.TestCashMovements" name="test_delete_flow" time="0.521" /><testcase classname="tests.test_iter16_accounting.TestAssets" name="test_delete_flow" time="0.522" /><testcase classname="tests.test_iter16_accounting.TestAuditLogs" name="test_cash_movement_and_asset_logged" time="0.332" /><testcase classname="tests.test_iter16_accounting.TestReportsBalance" name="test_structure_and_consistency" time="0.052" /><testcase classname="tests.test_iter16_accounting.TestReportsBalance" name="test_modal_utang_from_cash_movements" time="0.100" /><testcase classname="tests.test_iter16_accounting.TestReportsBalance" name="test_bank_from_cash_movements" time="0.103" /></testsuite></testsuites>