<?xml version="1.0" encoding="utf-8"?><testsuites name="pytest tests"><testsuite name="pytest" errors="0" failures="0" skipped="0" tests="23" time="3.364" timestamp="2026-08-15T02:55:43.185917+00:00" hostname="agent-env-7bed141a-f3de-4d77-9445-a413da7deda5"><testcase classname="tests.test_iter20_pos_payment_methods.TestPOSCashMovementKas" name="test_pos_tunai_creates_kas_cash_movement" time="0.556" /><testcase classname="tests.test_iter20_pos_payment_methods.TestPOSCashMovementKas" name="test_pos_qris_creates_kas_cash_movement" time="0.139" /><testcase classname="tests.test_iter20_pos_payment_methods.TestPOSCashMovementBank" name="test_pos_kartu_creates_bank_cash_movement" time="0.141" /><testcase classname="tests.test_iter20_pos_payment_methods.TestPOSCashMovementBank" name="test_pos_transfer_creates_bank_cash_movement" time="0.138" /><testcase classname="tests.test_iter20_pos_payment_methods.TestPOSBayarNanti" name="test_pos_bayar_nanti_creates_piutang" time="0.142" /><testcase classname="tests.test_iter20_pos_payment_methods.TestPOSBayarNanti" name="test_pos_bayar_nanti_walkin_rejected" time="0.283" /><testcase classname="tests.test_iter20_pos_payment_methods.TestSaleValidation" name="test_invalid_payment_method_rejected" time="0.093" /><testcase classname="tests.test_iter20_pos_payment_methods.TestSaleValidation" name="test_offline_channel_no_cash_movement" time="0.197" /><testcase classname="tests.test_iter20_pos_payment_methods.TestBalanceSheetNoDoubleCount" name="test_pos_qris_increases_kas_via_cash_movement_only" time="0.208" /><testcase classname="tests.test_iter20_pos_payment_methods.TestBalanceSheetNoDoubleCount" name="test_pos_bayar_nanti_increases_piutang_not_kas" time="0.201" /><testcase classname="tests.test_iter20_pos_payment_methods.TestPaymentMethodsSummary" name="test_summary_default" time="0.050" /><testcase classname="tests.test_iter20_pos_payment_methods.TestPaymentMethodsSummary" name="test_summary_out_of_range" time="0.046" /><testcase classname="tests.test_iter20_pos_payment_methods.TestPaymentMethodsSummary" name="test_summary_requires_auth" time="0.120" /><testcase classname="tests.test_iter20_pos_payment_methods.TestKasirRolePOS" name="test_kasir_can_create_pos_bayar_nanti" time="0.438" /><testcase classname="tests.test_iter20_pos_payment_methods.TestRegression" name="test_receivables_payables" time="0.046" /><testcase classname="tests.test_iter20_pos_payment_methods.TestRegression" name="test_assets" time="0.049" /><testcase classname="tests.test_iter20_pos_payment_methods.TestRegression" name="test_cash_movements" time="0.047" /><testcase classname="tests.test_iter20_pos_payment_methods.TestRegression" name="test_reports" time="0.061" /><testcase classname="tests.test_iter20_pos_payment_methods.TestRegression" name="test_balance_detail_kas" time="0.055" /><testcase classname="tests.test_iter20_pos_payment_methods.TestRegression" name="test_balance_detail_kas_matches_reports_kas_exact" time="0.109" /><testcase classname="tests.test_iter20_pos_payment_methods.TestRegression" name="test_balance_detail_bank" time="0.047" /><testcase classname="tests.test_iter20_pos_payment_methods.TestRegression" name="test_ledger" time="0.058" /><testcase classname="tests.test_iter20_pos_payment_methods.TestRegression" name="test_inventory" time="0.047" /></testsuite></testsuites>