<?xml version="1.0" encoding="utf-8"?><testsuites name="pytest tests"><testsuite name="pytest" errors="0" failures="0" skipped="0" tests="39" time="6.022" timestamp="2026-08-08T17:15:28.591427+00:00" hostname="agent-env-7bed141a-f3de-4d77-9445-a413da7deda5"><testcase classname="tests.test_iter5_features.TestRoleEnforcement" name="test_staff_reports_forbidden" time="0.667" /><testcase classname="tests.backend_test.TestReportsPeriodFilter" name="test_granularity_all_no_previous" time="0.718" /><testcase classname="tests.test_iter5_features.TestRoleEnforcement" name="test_staff_post_opex_forbidden" time="0.047" /><testcase classname="tests.test_iter5_features.TestRoleEnforcement" name="test_staff_delete_opex_forbidden" time="0.043" /><testcase classname="tests.backend_test.TestReportsPeriodFilter" name="test_granularity_monthly_2026_08" time="0.050" /><testcase classname="tests.test_iter5_features.TestRoleEnforcement" name="test_staff_get_opex_allowed" time="0.085" /><testcase classname="tests.backend_test.TestReportsPeriodFilter" name="test_granularity_quarterly_2026_q3" time="0.053" /><testcase classname="tests.backend_test.TestReportsPeriodFilter" name="test_quarterly_q1_rollback_year" time="0.057" /><testcase classname="tests.test_iter5_features.TestRoleEnforcement" name="test_staff_get_dashboard_inventory_ready" time="0.303" /><testcase classname="tests.backend_test.TestReportsPeriodFilter" name="test_monthly_january_rollback_year" time="0.052" /><testcase classname="tests.backend_test.TestReportsPeriodFilter" name="test_monthly_december_rollforward_year" time="0.050" /><testcase classname="tests.backend_test.TestReportsPeriodFilter" name="test_invalid_granularity_422" time="0.048" /><testcase classname="tests.backend_test.TestReportsPeriodFilter" name="test_monthly_without_period_422" time="0.049" /><testcase classname="tests.backend_test.TestReportsPeriodFilter" name="test_channel_shopee_plus_period_filter" time="0.053" /><testcase classname="tests.backend_test.TestReportsPeriodFilter" name="test_purchase_and_production_created_at_included_in_period" time="0.239" /><testcase classname="tests.test_iter5_features.TestRoleEnforcement" name="test_staff_can_post_sales_purchases_production" time="0.259" /><testcase classname="tests.test_iter5_features.TestOpExCRUD" name="test_post_opex_bad_period_422" time="0.587" /><testcase classname="tests.test_iter5_features.TestReportsDynamicOpEx" name="test_monthly_opex_matches_sum" time="1.000" /><testcase classname="tests.test_iter5_features.TestOpExCRUD" name="test_post_opex_negative_amount_422" time="0.092" /><testcase classname="tests.test_iter5_features.TestOpExCRUD" name="test_full_crud_flow" time="0.312" /><testcase classname="tests.test_iter5_features.TestReportsDynamicOpEx" name="test_quarterly_opex_sums_three_months" time="1.249" /><testcase classname="tests.backend_test.TestAuth" name="test_login_success_sets_cookie" time="0.445" /><testcase classname="tests.backend_test.TestAuth" name="test_protected_without_cookie_401" time="0.110" /><testcase classname="tests.backend_test.TestAuth" name="test_reports_without_cookie_401" time="0.697" /><testcase classname="tests.test_iter5_features.TestReportsDynamicOpEx" name="test_channel_filter_opex_zero" time="0.314" /><testcase classname="tests.backend_test.TestReports" name="test_reports_semua_has_channel_summary" time="0.100" /><testcase classname="tests.backend_test.TestReports" name="test_reports_shopee_filter" time="0.134" /><testcase classname="tests.backend_test.TestReports" name="test_reports_invalid_channel_422" time="0.099" /><testcase classname="tests.test_iter5_features.TestStaffAuth" name="test_staff_login_returns_role_staff" time="0.344" /><testcase classname="tests.backend_test.TestSales" name="test_sale_all_valid_channels" time="0.880" /><testcase classname="tests.test_iter5_features.TestStaffAuth" name="test_staff_me" time="0.379" /><testcase classname="tests.backend_test.TestSales" name="test_sale_invalid_channel_marketplace_422" time="0.223" /><testcase classname="tests.test_iter5_features.TestSalesByChannel" name="test_shape_and_ordering" time="0.380" /><testcase classname="tests.backend_test.TestSales" name="test_sale_over_available_409" time="0.103" /><testcase classname="tests.test_iter5_features.TestSalesByChannel" name="test_current_month_reflects_sales" time="0.048" /><testcase classname="tests.backend_test.TestInventory" name="test_inventory_list" time="0.058" /><testcase classname="tests.backend_test.TestPurchases" name="test_create_purchase_computes_total" time="0.054" /><testcase classname="tests.backend_test.TestInventory" name="test_ready_to_sell_fields" time="0.311" /><testcase classname="tests.backend_test.TestProduction" name="test_create_production_computes_hpp" time="0.050" /></testsuite></testsuites>