<?xml version="1.0" encoding="utf-8"?><testsuites name="pytest tests"><testsuite name="pytest" errors="0" failures="0" skipped="0" tests="14" time="7.067" timestamp="2026-08-08T17:30:42.560682+00:00" hostname="agent-env-7bed141a-f3de-4d77-9445-a413da7deda5"><testcase classname="tests.test_iter6_features.TestChangePassword" name="test_no_auth_401" time="0.372" /><testcase classname="tests.test_iter6_features.TestProductionLinkedPO" name="test_production_with_material_lines_computes_cost_and_breakdown" time="1.002" /><testcase classname="tests.test_iter6_features.TestChangePassword" name="test_wrong_current_401" time="0.669" /><testcase classname="tests.test_iter6_features.TestProductionLinkedPO" name="test_production_rejects_qty_exceeds_remaining_409" time="0.096" /><testcase classname="tests.test_iter6_features.TestChangePassword" name="test_short_new_password_422" time="0.058" /><testcase classname="tests.test_iter6_features.TestProductionLinkedPO" name="test_production_rejects_missing_po_404" time="0.046" /><testcase classname="tests.test_iter6_features.TestChangePassword" name="test_change_password_flow_and_restore" time="2.696" /><testcase classname="tests.test_iter6_features.TestProductionLinkedPO" name="test_production_rejects_invalid_line_422" time="0.271" /><testcase classname="tests.test_iter6_features.TestProductionLinkedPO" name="test_production_without_material_lines_uses_manual_cost" time="0.071" /><testcase classname="tests.test_iter6_features.TestProductionLinkedPO" name="test_production_output_qty_zero_422" time="0.458" /><testcase classname="tests.test_iter6_features.TestProductionLinkedPO" name="test_production_hpp_computation" time="0.045" /><testcase classname="tests.test_iter6_features.TestChangePassword" name="test_admin_change_and_restore" time="2.615" /><testcase classname="tests.test_iter6_features.TestPurchasesStorage" name="test_post_purchase_saves_remaining_and_status" time="0.056" /><testcase classname="tests.test_iter6_features.TestPurchasesStorage" name="test_get_purchases_lists_new_fields" time="0.115" /></testsuite></testsuites>