<?xml version="1.0" encoding="utf-8"?><testsuites name="pytest tests"><testsuite name="pytest" errors="0" failures="0" skipped="0" tests="21" time="1.854" timestamp="2026-08-15T03:43:39.628301+00:00" hostname="agent-env-7bed141a-f3de-4d77-9445-a413da7deda5"><testcase classname="tests.test_iter23_stock_adj_opex_assets.TestStockAdjust" name="test_adjust_delta_plus_5" time="0.512" /><testcase classname="tests.test_iter23_stock_adj_opex_assets.TestStockAdjust" name="test_adjust_delta_zero_422" time="0.048" /><testcase classname="tests.test_iter23_stock_adj_opex_assets.TestStockAdjust" name="test_adjust_negative_overflow_409" time="0.051" /><testcase classname="tests.test_iter23_stock_adj_opex_assets.TestStockAdjust" name="test_opname_set_10" time="0.047" /><testcase classname="tests.test_iter23_stock_adj_opex_assets.TestStockAdjust" name="test_opname_negative_422" time="0.048" /><testcase classname="tests.test_iter23_stock_adj_opex_assets.TestStockAdjust" name="test_invalid_kind_422" time="0.045" /><testcase classname="tests.test_iter23_stock_adj_opex_assets.TestStockAdjust" name="test_unknown_sku_404" time="0.045" /><testcase classname="tests.test_iter23_stock_adj_opex_assets.TestStockAdjust" name="test_unknown_reason_maps_to_lainnya" time="0.044" /><testcase classname="tests.test_iter23_stock_adj_opex_assets.TestStockAdjust" name="test_list_adjustments" time="0.046" /><testcase classname="tests.test_iter23_stock_adj_opex_assets.TestStockAdjust" name="test_restore_stock" time="0.044" /><testcase classname="tests.test_iter23_stock_adj_opex_assets.TestStockCardExcel" name="test_export_all_skus" time="0.284" /><testcase classname="tests.test_iter23_stock_adj_opex_assets.TestStockCardExcel" name="test_export_single_sku" time="0.067" /><testcase classname="tests.test_iter23_stock_adj_opex_assets.TestStockCardExcel" name="test_export_nonexistent_sku_404" time="0.046" /><testcase classname="tests.test_iter23_stock_adj_opex_assets.TestOpexBreakdown" name="test_reports_has_opex_breakdown" time="0.056" /><testcase classname="tests.test_iter23_stock_adj_opex_assets.TestOpexBreakdown" name="test_reports_balance_still_balanced" time="0.056" /><testcase classname="tests.test_iter23_stock_adj_opex_assets.TestAssetsNoDepreciation" name="test_create_asset_life_0" time="0.053" /><testcase classname="tests.test_iter23_stock_adj_opex_assets.TestAssetsNoDepreciation" name="test_create_asset_life_negative_422" time="0.083" /><testcase classname="tests.test_iter23_stock_adj_opex_assets.TestAssetsNoDepreciation" name="test_cleanup" time="0.048" /><testcase classname="tests.test_iter23_stock_adj_opex_assets.TestRegression" name="test_receivables_payables" time="0.044" /><testcase classname="tests.test_iter23_stock_adj_opex_assets.TestRegression" name="test_inventory_ok" time="0.043" /><testcase classname="tests.test_iter23_stock_adj_opex_assets.TestRegression" name="test_inventory_history" time="0.050" /></testsuite></testsuites>