<?xml version="1.0" encoding="utf-8"?><testsuites name="pytest tests"><testsuite name="pytest" errors="0" failures="0" skipped="0" tests="17" time="3.110" timestamp="2026-08-15T01:21:04.694075+00:00" hostname="agent-env-7bed141a-f3de-4d77-9445-a413da7deda5"><testcase classname="tests.test_iter14_ledger_channel" name="test_ledger_default_semua" time="0.561" /><testcase classname="tests.test_iter14_ledger_channel" name="test_ledger_shopee_only_filters_sales" time="0.161" /><testcase classname="tests.test_iter14_ledger_channel" name="test_ledger_shopee_kind_sale_matches_db_sum" time="0.216" /><testcase classname="tests.test_iter14_ledger_channel" name="test_ledger_shopee_no_kind_keeps_non_sale_rows" time="0.162" /><testcase classname="tests.test_iter14_ledger_channel" name="test_ledger_invalid_channel_422" time="0.055" /><testcase classname="tests.test_iter14_ledger_channel" name="test_ledger_tokopedia_only" time="0.074" /><testcase classname="tests.test_iter14_ledger_channel" name="test_ledger_csv_tiktok_channel" time="0.073" /><testcase classname="tests.test_iter14_ledger_channel" name="test_ledger_csv_invalid_channel_422" time="0.059" /><testcase classname="tests.test_iter14_ledger_channel" name="test_ledger_no_auth_401" time="0.119" /><testcase classname="tests.test_iter14_ledger_channel" name="test_ledger_staff_403" time="0.379" /><testcase classname="tests.test_iter14_ledger_channel" name="test_ledger_regression_default_matches_no_param" time="0.230" /><testcase classname="tests.test_iter14_ledger_channel" name="test_reports_ok" time="0.058" /><testcase classname="tests.test_iter14_ledger_channel" name="test_reports_detail_ok" time="0.096" /><testcase classname="tests.test_iter14_ledger_channel" name="test_inventory_sku_history_ok" time="0.058" /><testcase classname="tests.test_iter14_ledger_channel" name="test_activity_logs_ok" time="0.059" /><testcase classname="tests.test_iter14_ledger_channel" name="test_backups_ok" time="0.102" /><testcase classname="tests.test_iter14_ledger_channel" name="test_public_catalog_ok" time="0.122" /></testsuite></testsuites>