<?xml version="1.0" encoding="utf-8"?><testsuites name="pytest tests"><testsuite name="pytest" errors="0" failures="0" skipped="0" tests="21" time="2.849" timestamp="2026-08-15T03:06:46.855221+00:00" hostname="agent-env-7bed141a-f3de-4d77-9445-a413da7deda5"><testcase classname="tests.test_iter22_pos_settings_alerts.TestPOSSettings" name="test_get_returns_shape" time="1.495" /><testcase classname="tests.test_iter22_pos_settings_alerts.TestPOSSettings" name="test_kasir_can_get" time="0.045" /><testcase classname="tests.test_iter22_pos_settings_alerts.TestPOSSettings" name="test_put_admin_success_and_persisted" time="0.100" /><testcase classname="tests.test_iter22_pos_settings_alerts.TestPOSSettings" name="test_put_margin_over_500" time="0.049" /><testcase classname="tests.test_iter22_pos_settings_alerts.TestPOSSettings" name="test_put_margin_negative" time="0.048" /><testcase classname="tests.test_iter22_pos_settings_alerts.TestPOSSettings" name="test_put_invalid_round_to" time="0.046" /><testcase classname="tests.test_iter22_pos_settings_alerts.TestPOSSettings" name="test_put_forbidden_kasir" time="0.047" /><testcase classname="tests.test_iter22_pos_settings_alerts.TestPOSSettings" name="test_put_forbidden_keuangan" time="0.059" /><testcase classname="tests.test_iter22_pos_settings_alerts.TestPOSSettings" name="test_put_forbidden_gudang" time="0.060" /><testcase classname="tests.test_iter22_pos_settings_alerts.TestPOSSettings" name="test_zzz_restore_default" time="0.053" /><testcase classname="tests.test_iter22_pos_settings_alerts.TestAllocateWithMin" name="test_dict_qty_and_min" time="0.050" /><testcase classname="tests.test_iter22_pos_settings_alerts.TestAllocateWithMin" name="test_backward_compat_integer" time="0.095" /><testcase classname="tests.test_iter22_pos_settings_alerts.TestAllocateWithMin" name="test_min_negative_rejected" time="0.045" /><testcase classname="tests.test_iter22_pos_settings_alerts.TestAllocateWithMin" name="test_bahan_baku_rejected" time="0.099" /><testcase classname="tests.test_iter22_pos_settings_alerts.TestLowStockAlerts" name="test_shape" time="0.048" /><testcase classname="tests.test_iter22_pos_settings_alerts.TestLowStockAlerts" name="test_warning_when_below_min" time="0.092" /><testcase classname="tests.test_iter22_pos_settings_alerts.TestLowStockAlerts" name="test_critical_when_zero" time="0.092" /><testcase classname="tests.test_iter22_pos_settings_alerts.TestLowStockAlerts" name="test_watch_when_equal" time="0.096" /><testcase classname="tests.test_iter22_pos_settings_alerts.TestRegression" name="test_reports_balance_ok" time="0.055" /><testcase classname="tests.test_iter22_pos_settings_alerts.TestRegression" name="test_receivables_payables" time="0.046" /><testcase classname="tests.test_iter22_pos_settings_alerts.TestRegression" name="test_channel_stock_visible" time="0.048" /></testsuite></testsuites>