<?xml version="1.0" encoding="utf-8"?><testsuites name="pytest tests"><testsuite name="pytest" errors="0" failures="0" skipped="0" tests="18" time="4.414" timestamp="2026-08-08T18:00:22.642745+00:00" hostname="agent-env-7bed141a-f3de-4d77-9445-a413da7deda5"><testcase classname="tests.test_iter7_audit_log.TestFiltersPagination" name="test_filter_action_create" time="0.665" /><testcase classname="tests.test_iter7_audit_log.TestBusinessInstrumentation" name="test_purchase_logged" time="1.062" /><testcase classname="tests.test_iter7_audit_log.TestFiltersPagination" name="test_filter_entity_opex" time="0.051" /><testcase classname="tests.test_iter7_audit_log.TestFiltersPagination" name="test_filter_user_email" time="0.048" /><testcase classname="tests.test_iter7_audit_log.TestFiltersPagination" name="test_pagination_and_ordering" time="0.094" /><testcase classname="tests.test_iter7_audit_log.TestRegression" name="test_reports_monthly_ok" time="0.051" /><testcase classname="tests.test_iter7_audit_log.TestRegression" name="test_reports_all" time="0.047" /><testcase classname="tests.test_iter7_audit_log.TestRegression" name="test_opex_list" time="0.047" /><testcase classname="tests.test_iter7_audit_log.TestBusinessInstrumentation" name="test_production_logged" time="0.838" /><testcase classname="tests.test_iter7_audit_log.TestRegression" name="test_staff_cannot_reports" time="0.377" /><testcase classname="tests.test_iter7_audit_log.TestActivityLogAccess" name="test_admin_can_list" time="0.051" /><testcase classname="tests.test_iter7_audit_log.TestActivityLogAccess" name="test_staff_forbidden" time="0.047" /><testcase classname="tests.test_iter7_audit_log.TestActivityLogAccess" name="test_no_auth_unauthorized" time="0.092" /><testcase classname="tests.test_iter7_audit_log.TestLoginAudit" name="test_login_success_creates_log" time="0.867" /><testcase classname="tests.test_iter7_audit_log.TestBusinessInstrumentation" name="test_sale_logged" time="0.392" /><testcase classname="tests.test_iter7_audit_log.TestBusinessInstrumentation" name="test_opex_create_and_delete_logged" time="0.793" /><testcase classname="tests.test_iter7_audit_log.TestLoginAudit" name="test_failed_login_not_logged" time="0.186" /><testcase classname="tests.test_iter7_audit_log.TestBusinessInstrumentation" name="test_change_password_logged" time="0.839" /></testsuite></testsuites>