<?xml version="1.0" encoding="utf-8"?><testsuites name="pytest tests"><testsuite name="pytest" errors="0" failures="0" skipped="0" tests="11" time="2.079" timestamp="2026-08-15T01:47:23.630863+00:00" hostname="agent-env-7bed141a-f3de-4d77-9445-a413da7deda5"><testcase classname="tests.test_iter17_depreciation.TestDepreciation" name="test_income_has_depreciation_field" time="0.672" /><testcase classname="tests.test_iter17_depreciation.TestDepreciation" name="test_net_profit_formula_all" time="0.052" /><testcase classname="tests.test_iter17_depreciation.TestDepreciation" name="test_non_semua_channel_zero_depreciation" time="0.048" /><testcase classname="tests.test_iter17_depreciation.TestDepreciation" name="test_monthly_2026_08_depreciation" time="0.056" /><testcase classname="tests.test_iter17_depreciation.TestDepreciation" name="test_previous_period_also_has_depreciation" time="0.053" /><testcase classname="tests.test_iter17_depreciation.TestDepreciation" name="test_asset_before_purchase_not_counted" time="0.116" /><testcase classname="tests.test_iter17_depreciation.TestDepreciation" name="test_expired_asset_zero_contribution" time="0.103" /><testcase classname="tests.test_iter17_depreciation.TestDepreciation" name="test_quarterly_2026_Q3_three_months" time="0.117" /><testcase classname="tests.test_iter17_depreciation.TestDepreciation" name="test_depreciation_does_not_affect_cash" time="0.053" /><testcase classname="tests.test_iter17_depreciation.TestDepreciation" name="test_balance_sheet_balanced" time="0.053" /><testcase classname="tests.test_iter17_depreciation.TestDepreciation" name="test_all_time_depreciation_equals_accumulated_sum" time="0.220" /></testsuite></testsuites>