<?xml version="1.0" encoding="utf-8"?><testsuites name="pytest tests"><testsuite name="pytest" errors="0" failures="0" skipped="0" tests="58" time="17.415" timestamp="2026-08-08T18:12:43.599651+00:00" hostname="agent-env-7bed141a-f3de-4d77-9445-a413da7deda5"><testcase classname="tests.test_iter5_features.TestStaffAuth" name="test_staff_login_returns_role_staff" time="0.347" /><testcase classname="tests.test_iter5_features.TestStaffAuth" name="test_staff_me" time="0.380" /><testcase classname="tests.test_iter5_features.TestRoleEnforcement" name="test_staff_reports_forbidden" time="0.046" /><testcase classname="tests.test_iter5_features.TestRoleEnforcement" name="test_staff_post_opex_forbidden" time="0.050" /><testcase classname="tests.test_iter5_features.TestRoleEnforcement" name="test_staff_delete_opex_forbidden" time="0.045" /><testcase classname="tests.test_iter5_features.TestRoleEnforcement" name="test_staff_get_opex_allowed" time="0.073" /><testcase classname="tests.test_iter5_features.TestRoleEnforcement" name="test_staff_get_dashboard_inventory_ready" time="0.189" /><testcase classname="tests.test_iter5_features.TestRoleEnforcement" name="test_staff_can_post_sales_purchases_production" time="0.186" /><testcase classname="tests.test_iter5_features.TestOpExCRUD" name="test_post_opex_bad_period_422" time="0.375" /><testcase classname="tests.test_iter5_features.TestOpExCRUD" name="test_post_opex_negative_amount_422" time="0.042" /><testcase classname="tests.test_iter5_features.TestOpExCRUD" name="test_full_crud_flow" time="0.429" /><testcase classname="tests.test_iter5_features.TestReportsDynamicOpEx" name="test_monthly_opex_matches_sum" time="0.313" /><testcase classname="tests.test_iter5_features.TestReportsDynamicOpEx" name="test_quarterly_opex_sums_three_months" time="0.415" /><testcase classname="tests.test_iter5_features.TestReportsDynamicOpEx" name="test_channel_filter_opex_zero" time="0.141" /><testcase classname="tests.test_iter5_features.TestSalesByChannel" name="test_shape_and_ordering" time="0.047" /><testcase classname="tests.test_iter5_features.TestSalesByChannel" name="test_current_month_reflects_sales" time="0.046" /><testcase classname="tests.test_iter6_features.TestPurchasesStorage" name="test_post_purchase_saves_remaining_and_status" time="0.363" /><testcase classname="tests.test_iter6_features.TestPurchasesStorage" name="test_get_purchases_lists_new_fields" time="0.099" /><testcase classname="tests.test_iter6_features.TestProductionLinkedPO" name="test_production_with_material_lines_computes_cost_and_breakdown" time="0.312" /><testcase classname="tests.test_iter6_features.TestProductionLinkedPO" name="test_production_rejects_qty_exceeds_remaining_409" time="0.096" /><testcase classname="tests.test_iter6_features.TestProductionLinkedPO" name="test_production_rejects_missing_po_404" time="0.050" /><testcase classname="tests.test_iter6_features.TestProductionLinkedPO" name="test_production_rejects_invalid_line_422" time="0.123" /><testcase classname="tests.test_iter6_features.TestProductionLinkedPO" name="test_production_without_material_lines_uses_manual_cost" time="0.043" /><testcase classname="tests.test_iter6_features.TestProductionLinkedPO" name="test_production_output_qty_zero_422" time="0.081" /><testcase classname="tests.test_iter6_features.TestProductionLinkedPO" name="test_production_hpp_computation" time="0.045" /><testcase classname="tests.test_iter6_features.TestChangePassword" name="test_no_auth_401" time="0.101" /><testcase classname="tests.test_iter6_features.TestChangePassword" name="test_wrong_current_401" time="0.266" /><testcase classname="tests.test_iter6_features.TestChangePassword" name="test_short_new_password_422" time="0.040" /><testcase classname="tests.test_iter6_features.TestChangePassword" name="test_change_password_flow_and_restore" time="2.633" /><testcase classname="tests.test_iter6_features.TestChangePassword" name="test_admin_change_and_restore" time="2.661" /><testcase classname="tests.test_iter7_audit_log.TestActivityLogAccess" name="test_admin_can_list" time="0.392" /><testcase classname="tests.test_iter7_audit_log.TestActivityLogAccess" name="test_staff_forbidden" time="0.433" /><testcase classname="tests.test_iter7_audit_log.TestActivityLogAccess" name="test_no_auth_unauthorized" time="0.131" /><testcase classname="tests.test_iter7_audit_log.TestLoginAudit" name="test_login_success_creates_log" time="0.867" /><testcase classname="tests.test_iter7_audit_log.TestLoginAudit" name="test_failed_login_not_logged" time="0.215" /><testcase classname="tests.test_iter7_audit_log.TestBusinessInstrumentation" name="test_purchase_logged" time="0.449" /><testcase classname="tests.test_iter7_audit_log.TestBusinessInstrumentation" name="test_production_logged" time="0.408" /><testcase classname="tests.test_iter7_audit_log.TestBusinessInstrumentation" name="test_sale_logged" time="0.403" /><testcase classname="tests.test_iter7_audit_log.TestBusinessInstrumentation" name="test_opex_create_and_delete_logged" time="0.816" /><testcase classname="tests.test_iter7_audit_log.TestBusinessInstrumentation" name="test_change_password_logged" time="0.857" /><testcase classname="tests.test_iter7_audit_log.TestFiltersPagination" name="test_filter_action_create" time="0.052" /><testcase classname="tests.test_iter7_audit_log.TestFiltersPagination" name="test_filter_entity_opex" time="0.051" /><testcase classname="tests.test_iter7_audit_log.TestFiltersPagination" name="test_filter_user_email" time="0.049" /><testcase classname="tests.test_iter7_audit_log.TestFiltersPagination" name="test_pagination_and_ordering" time="0.104" /><testcase classname="tests.test_iter7_audit_log.TestRegression" name="test_reports_monthly_ok" time="0.055" /><testcase classname="tests.test_iter7_audit_log.TestRegression" name="test_reports_all" time="0.055" /><testcase classname="tests.test_iter7_audit_log.TestRegression" name="test_opex_list" time="0.049" /><testcase classname="tests.test_iter7_audit_log.TestRegression" name="test_staff_cannot_reports" time="0.043" /><testcase classname="tests.test_iter8_backups" name="test_post_backup_no_auth" time="0.098" /><testcase classname="tests.test_iter8_backups" name="test_post_backup_staff_forbidden" time="0.368" /><testcase classname="tests.test_iter8_backups" name="test_post_backup_admin_returns_metadata" time="0.732" /><testcase classname="tests.test_iter8_backups" name="test_list_backups_staff_forbidden" time="0.045" /><testcase classname="tests.test_iter8_backups" name="test_list_backups_admin_desc" time="0.046" /><testcase classname="tests.test_iter8_backups" name="test_download_backup_not_found" time="0.046" /><testcase classname="tests.test_iter8_backups" name="test_download_backup_staff_forbidden" time="0.046" /><testcase classname="tests.test_iter8_backups" name="test_download_backup_admin_content" time="0.288" /><testcase classname="tests.test_iter8_backups" name="test_backup_logged_to_activity_logs" time="0.050" /><testcase classname="tests.test_iter8_backups" name="test_counts_match_actual_data" time="0.148" /></testsuite></testsuites>