<?xml version="1.0" encoding="utf-8"?><testsuites name="pytest tests"><testsuite name="pytest" errors="0" failures="0" skipped="0" tests="27" time="3.093" timestamp="2026-08-15T02:23:09.458060+00:00" hostname="agent-env-7bed141a-f3de-4d77-9445-a413da7deda5"><testcase classname="tests.test_iter18_receivables_payables.TestAuthGuard" name="test_list_requires_auth" time="0.172" /><testcase classname="tests.test_iter18_receivables_payables.TestAuthGuard" name="test_list_forbidden_for_staff" time="0.403" /><testcase classname="tests.test_iter18_receivables_payables.TestAuthGuard" name="test_create_forbidden_for_staff" time="0.050" /><testcase classname="tests.test_iter18_receivables_payables.TestRPCrud" name="test_create_valid[piutang_usaha-Piutang Usaha]" time="0.394" /><testcase classname="tests.test_iter18_receivables_payables.TestRPCrud" name="test_create_valid[piutang_lainnya-Piutang Lainnya]" time="0.053" /><testcase classname="tests.test_iter18_receivables_payables.TestRPCrud" name="test_create_valid[utang_usaha-Utang Usaha]" time="0.058" /><testcase classname="tests.test_iter18_receivables_payables.TestRPCrud" name="test_create_valid[utang_lainnya-Utang Lainnya]" time="0.054" /><testcase classname="tests.test_iter18_receivables_payables.TestRPCrud" name="test_create_invalid_type" time="0.054" /><testcase classname="tests.test_iter18_receivables_payables.TestRPCrud" name="test_create_negative_amount" time="0.051" /><testcase classname="tests.test_iter18_receivables_payables.TestRPCrud" name="test_create_zero_amount" time="0.054" /><testcase classname="tests.test_iter18_receivables_payables.TestRPCrud" name="test_create_empty_counterparty" time="0.051" /><testcase classname="tests.test_iter18_receivables_payables.TestRPCrud" name="test_create_bad_date" time="0.051" /><testcase classname="tests.test_iter18_receivables_payables.TestRPCrud" name="test_create_bad_due_date" time="0.055" /><testcase classname="tests.test_iter18_receivables_payables.TestRPCrud" name="test_filter_by_type" time="0.052" /><testcase classname="tests.test_iter18_receivables_payables.TestRPCrud" name="test_filter_by_status_outstanding" time="0.054" /><testcase classname="tests.test_iter18_receivables_payables.TestRPCrud" name="test_filter_invalid_type" time="0.050" /><testcase classname="tests.test_iter18_receivables_payables.TestRPPayments" name="test_payment_not_found" time="0.053" /><testcase classname="tests.test_iter18_receivables_payables.TestRPPayments" name="test_partial_payment_updates_status_and_cash" time="0.174" /><testcase classname="tests.test_iter18_receivables_payables.TestRPPayments" name="test_payment_exceeds_remaining" time="0.050" /><testcase classname="tests.test_iter18_receivables_payables.TestRPPayments" name="test_full_payment_status_lunas" time="0.060" /><testcase classname="tests.test_iter18_receivables_payables.TestRPPayments" name="test_utang_payment_direction_out" time="0.119" /><testcase classname="tests.test_iter18_receivables_payables.TestRPDelete" name="test_delete_with_payment_conflicts" time="0.088" /><testcase classname="tests.test_iter18_receivables_payables.TestRPDelete" name="test_delete_no_payment_succeeds" time="0.058" /><testcase classname="tests.test_iter18_receivables_payables.TestBalanceIntegration" name="test_balance_detail_kinds" time="0.221" /><testcase classname="tests.test_iter18_receivables_payables.TestBalanceIntegration" name="test_reports_balance_extended" time="0.060" /><testcase classname="tests.test_iter18_receivables_payables.TestBalanceIntegration" name="test_saldo_matches_remaining" time="0.107" /><testcase classname="tests.test_iter18_receivables_payables" name="test_zzz_cleanup" time="0.387" /></testsuite></testsuites>