<?xml version="1.0" encoding="utf-8"?><testsuites name="pytest tests"><testsuite name="pytest" errors="0" failures="0" skipped="0" tests="28" time="5.788" timestamp="2026-08-15T02:36:28.332467+00:00" hostname="agent-env-7bed141a-f3de-4d77-9445-a413da7deda5"><testcase classname="tests.test_iter19_roles_pos" name="test_demo_logins[admin]" time="0.499" /><testcase classname="tests.test_iter19_roles_pos" name="test_demo_logins[keuangan]" time="0.398" /><testcase classname="tests.test_iter19_roles_pos" name="test_demo_logins[produksi]" time="0.376" /><testcase classname="tests.test_iter19_roles_pos" name="test_demo_logins[kasir]" time="0.397" /><testcase classname="tests.test_iter19_roles_pos" name="test_demo_logins[gudang]" time="0.391" /><testcase classname="tests.test_iter19_roles_pos" name="test_demo_logins[staff]" time="0.392" /><testcase classname="tests.test_iter19_roles_pos" name="test_pos_sale_by_kasir" time="0.375" /><testcase classname="tests.test_iter19_roles_pos" name="test_invalid_channel_422" time="0.049" /><testcase classname="tests.test_iter19_roles_pos" name="test_kasir_forbidden_admin_endpoints[/cash-movements]" time="0.049" /><testcase classname="tests.test_iter19_roles_pos" name="test_kasir_forbidden_admin_endpoints[/assets]" time="0.050" /><testcase classname="tests.test_iter19_roles_pos" name="test_kasir_forbidden_admin_endpoints[/receivables-payables]" time="0.057" /><testcase classname="tests.test_iter19_roles_pos" name="test_kasir_forbidden_admin_endpoints[/reports]" time="0.047" /><testcase classname="tests.test_iter19_roles_pos" name="test_kasir_forbidden_admin_endpoints[/ledger]" time="0.048" /><testcase classname="tests.test_iter19_roles_pos" name="test_gudang_forbidden[/cash-movements]" time="0.396" /><testcase classname="tests.test_iter19_roles_pos" name="test_gudang_forbidden[/assets]" time="0.053" /><testcase classname="tests.test_iter19_roles_pos" name="test_gudang_forbidden[/receivables-payables]" time="0.052" /><testcase classname="tests.test_iter19_roles_pos" name="test_admin_keuangan_forbidden_kas_bank" time="0.454" /><testcase classname="tests.test_iter19_roles_pos" name="test_admin_can_access_kas_bank" time="0.403" /><testcase classname="tests.test_iter19_roles_pos" name="test_csv_import_shopee" time="0.051" /><testcase classname="tests.test_iter19_roles_pos" name="test_csv_import_invalid_channel" time="0.054" /><testcase classname="tests.test_iter19_roles_pos" name="test_allocate_success" time="0.112" /><testcase classname="tests.test_iter19_roles_pos" name="test_allocate_over_available" time="0.088" /><testcase classname="tests.test_iter19_roles_pos" name="test_allocate_bahan_baku_422" time="0.104" /><testcase classname="tests.test_iter19_roles_pos" name="test_allocate_invalid_channel_422" time="0.101" /><testcase classname="tests.test_iter19_roles_pos" name="test_reports_still_works" time="0.055" /><testcase classname="tests.test_iter19_roles_pos" name="test_balance_detail_kas" time="0.124" /><testcase classname="tests.test_iter19_roles_pos" name="test_receivables_payables_list" time="0.047" /><testcase classname="tests.test_iter19_roles_pos" name="test_ledger" time="0.063" /></testsuite></testsuites>