<?xml version="1.0" encoding="utf-8"?><testsuites name="pytest tests"><testsuite name="pytest" errors="0" failures="0" skipped="0" tests="28" time="6.692" timestamp="2026-08-08T18:27:33.979139+00:00" hostname="agent-env-7bed141a-f3de-4d77-9445-a413da7deda5"><testcase classname="tests.test_iter10_product_photos.TestUpload" name="test_admin_png_upload_ok" time="0.589" /><testcase classname="tests.test_iter10_product_photos.TestUpload" name="test_jpeg_upload_ok_and_ext_jpg" time="0.275" /><testcase classname="tests.test_iter10_product_photos.TestUpload" name="test_webp_upload_ok_and_ext_webp" time="0.255" /><testcase classname="tests.test_iter10_product_photos.TestUpload" name="test_sku_not_found" time="0.050" /><testcase classname="tests.test_iter10_product_photos.TestUpload" name="test_invalid_content_type" time="0.049" /><testcase classname="tests.test_iter10_product_photos.TestUpload" name="test_too_large" time="0.248" /><testcase classname="tests.test_iter10_product_photos.TestUpload" name="test_upload_without_auth" time="0.096" /><testcase classname="tests.test_iter10_product_photos.TestUpload" name="test_upload_by_staff_forbidden" time="0.371" /><testcase classname="tests.test_iter10_product_photos.TestUpload" name="test_overwrite_changes_path_and_updated_at" time="1.795" /><testcase classname="tests.test_iter10_product_photos.TestGetPhoto" name="test_get_photo_returns_bytes_and_headers" time="0.384" /><testcase classname="tests.test_iter10_product_photos.TestGetPhoto" name="test_get_photo_no_photo" time="0.360" /><testcase classname="tests.test_iter10_product_photos.TestGetPhoto" name="test_get_photo_without_auth" time="0.128" /><testcase classname="tests.test_iter10_product_photos.TestInventoryListing" name="test_inventory_returns_photo_path_when_present" time="0.268" /><testcase classname="tests.test_iter10_product_photos.TestDelete" name="test_delete_by_staff_forbidden" time="0.050" /><testcase classname="tests.test_iter10_product_photos.TestDelete" name="test_delete_no_photo" time="0.098" /><testcase classname="tests.test_iter10_product_photos.TestDelete" name="test_delete_ok_then_get_404" time="0.402" /><testcase classname="tests.test_iter10_product_photos.TestActivityLogs" name="test_upload_logs_update_entry" time="0.270" /><testcase classname="tests.test_iter10_product_photos.TestActivityLogs" name="test_delete_logs_delete_entry" time="0.358" /><testcase classname="tests.test_iter10_product_photos.TestRegression" name="test_auth_me_admin" time="0.052" /><testcase classname="tests.test_iter10_product_photos.TestRegression" name="test_purchases_list" time="0.084" /><testcase classname="tests.test_iter10_product_photos.TestRegression" name="test_sales_list" time="0.054" /><testcase classname="tests.test_iter10_product_photos.TestRegression" name="test_reports_all" time="0.052" /><testcase classname="tests.test_iter10_product_photos.TestRegression" name="test_ready_to_sell" time="0.047" /><testcase classname="tests.test_iter10_product_photos.TestRegression" name="test_sales_by_channel" time="0.049" /><testcase classname="tests.test_iter10_product_photos.TestRegression" name="test_opex_list" time="0.053" /><testcase classname="tests.test_iter10_product_photos.TestRegression" name="test_backups_list" time="0.045" /><testcase classname="tests.test_iter10_product_photos.TestRegression" name="test_activity_logs_list" time="0.049" /><testcase classname="tests.test_iter10_product_photos.TestRegression" name="test_activity_logs_csv_export" time="0.068" /></testsuite></testsuites>