<?xml version="1.0" encoding="utf-8"?><testsuites name="pytest tests"><testsuite name="pytest" errors="0" failures="1" skipped="0" tests="38" time="3.263" timestamp="2026-08-15T01:12:51.375910+00:00" hostname="agent-env-7bed141a-f3de-4d77-9445-a413da7deda5"><testcase classname="tests.test_iter12_ledger_drilldown.TestLedger" name="test_ledger_admin_shape_and_sort" time="0.725" /><testcase classname="tests.test_iter12_ledger_drilldown.TestReportsDetail" name="test_detail_revenue_shape" time="0.699" /><testcase classname="tests.test_iter12_ledger_drilldown.TestReportsDetail" name="test_detail_valid_kinds[revenue]" time="0.051" /><testcase classname="tests.test_iter12_ledger_drilldown.TestLedger" name="test_ledger_kind_sale" time="0.055" /><testcase classname="tests.test_iter12_ledger_drilldown.TestReportsDetail" name="test_detail_valid_kinds[cogs]" time="0.051" /><testcase classname="tests.test_iter12_ledger_drilldown.TestLedger" name="test_ledger_kind_purchase" time="0.056" /><testcase classname="tests.test_iter12_ledger_drilldown.TestReportsDetail" name="test_detail_valid_kinds[purchases]" time="0.054" /><testcase classname="tests.test_iter12_ledger_drilldown.TestLedger" name="test_ledger_kind_production" time="0.056" /><testcase classname="tests.test_iter12_ledger_drilldown.TestReportsDetail" name="test_detail_valid_kinds[production]" time="0.053" /><testcase classname="tests.test_iter12_ledger_drilldown.TestLedger" name="test_ledger_kind_opex" time="0.091" /><testcase classname="tests.test_iter12_ledger_drilldown.TestReportsDetail" name="test_detail_valid_kinds[opex]" time="0.054" /><testcase classname="tests.test_iter12_ledger_drilldown.TestReportsDetail" name="test_detail_valid_kinds[cash_out]" time="0.052"><failure message="assert 500 == 200&#10; +  where 500 = &lt;Response [500]&gt;.status_code">backend/tests/test_iter12_ledger_drilldown.py:234: in test_detail_valid_kinds
    assert r.status_code == 200
E   assert 500 == 200
E    +  where 500 = &lt;Response [500]&gt;.status_code</failure></testcase><testcase classname="tests.test_iter12_ledger_drilldown.TestLedger" name="test_ledger_kind_invalid_returns_empty" time="0.049" /><testcase classname="tests.test_iter12_ledger_drilldown.TestLedger" name="test_ledger_date_range" time="0.074" /><testcase classname="tests.test_iter12_ledger_drilldown.TestReportsDetail" name="test_detail_invalid_kind" time="0.051" /><testcase classname="tests.test_iter12_ledger_drilldown.TestReportsDetail" name="test_detail_channel_filter_shopee" time="0.053" /><testcase classname="tests.test_iter12_ledger_drilldown.TestLedger" name="test_ledger_no_auth" time="0.101" /><testcase classname="tests.test_iter12_ledger_drilldown.TestReportsDetail" name="test_detail_cash_out_monthly_period" time="0.052" /><testcase classname="tests.test_iter12_ledger_drilldown.TestReportsDetail" name="test_detail_opex_channel_shopee_empty" time="0.050" /><testcase classname="tests.test_iter12_ledger_drilldown.TestLedger" name="test_ledger_staff_forbidden" time="0.563" /><testcase classname="tests.test_iter12_ledger_drilldown.TestRegression" name="test_auth_me" time="0.051" /><testcase classname="tests.test_iter12_ledger_drilldown.TestReportsDetail" name="test_detail_staff_forbidden" time="0.609" /><testcase classname="tests.test_iter12_ledger_drilldown.TestRegression" name="test_inventory_list" time="0.051" /><testcase classname="tests.test_iter12_ledger_drilldown.TestReportsDetail" name="test_detail_no_auth" time="0.116" /><testcase classname="tests.test_iter12_ledger_drilldown.TestRegression" name="test_ready_to_sell" time="0.050" /><testcase classname="tests.test_iter12_ledger_drilldown.TestRegression" name="test_reports_all" time="0.096" /><testcase classname="tests.test_iter12_ledger_drilldown.TestReportsDetail" name="test_detail_revenue_consistency_with_reports" time="0.107" /><testcase classname="tests.test_iter12_ledger_drilldown.TestRegression" name="test_sales_by_channel" time="0.053" /><testcase classname="tests.test_iter12_ledger_drilldown.TestInventoryHistory" name="test_history_admin_shape" time="0.103" /><testcase classname="tests.test_iter12_ledger_drilldown.TestRegression" name="test_activity_logs_admin" time="0.061" /><testcase classname="tests.test_iter12_ledger_drilldown.TestRegression" name="test_public_catalog" time="0.086" /><testcase classname="tests.test_iter12_ledger_drilldown.TestInventoryHistory" name="test_history_staff_ok" time="0.148" /><testcase classname="tests.test_iter12_ledger_drilldown.TestLedgerCSV" name="test_csv_admin_headers_and_content" time="0.076" /><testcase classname="tests.test_iter12_ledger_drilldown.TestLedgerCSV" name="test_csv_respects_kind_filter" time="0.103" /><testcase classname="tests.test_iter12_ledger_drilldown.TestInventoryHistory" name="test_history_not_found" time="0.076" /><testcase classname="tests.test_iter12_ledger_drilldown.TestInventoryHistory" name="test_history_no_auth" time="0.048" /><testcase classname="tests.test_iter12_ledger_drilldown.TestLedgerCSV" name="test_csv_staff_forbidden" time="0.057" /><testcase classname="tests.test_iter12_ledger_drilldown.TestInventoryHistory" name="test_history_produksi_after_new_batch" time="0.280" /></testsuite></testsuites>