<?xml version="1.0" encoding="utf-8"?><testsuites name="pytest tests"><testsuite name="pytest" errors="0" failures="0" skipped="0" tests="12" time="2.136" timestamp="2026-08-08T18:20:11.972154+00:00" hostname="agent-env-7bed141a-f3de-4d77-9445-a413da7deda5"><testcase classname="tests.test_iter9_audit_csv_export" name="test_export_csv_no_auth" time="0.286" /><testcase classname="tests.test_iter9_audit_csv_export" name="test_export_csv_staff_forbidden" time="0.378" /><testcase classname="tests.test_iter9_audit_csv_export" name="test_export_csv_headers_and_format" time="0.395" /><testcase classname="tests.test_iter9_audit_csv_export" name="test_export_csv_details_is_json_string" time="0.140" /><testcase classname="tests.test_iter9_audit_csv_export" name="test_export_csv_filter_action" time="0.047" /><testcase classname="tests.test_iter9_audit_csv_export" name="test_export_csv_filter_entity_opex" time="0.048" /><testcase classname="tests.test_iter9_audit_csv_export" name="test_export_csv_filter_user_email" time="0.051" /><testcase classname="tests.test_iter9_audit_csv_export" name="test_export_csv_filter_combined" time="0.047" /><testcase classname="tests.test_iter9_audit_csv_export" name="test_export_csv_ordered_desc" time="0.052" /><testcase classname="tests.test_iter9_audit_csv_export" name="test_export_csv_no_limit_vs_list" time="0.116" /><testcase classname="tests.test_iter9_audit_csv_export" name="test_regression_list_activity_logs" time="0.047" /><testcase classname="tests.test_iter9_audit_csv_export" name="test_regression_list_activity_logs_filter" time="0.048" /></testsuite></testsuites>