<?xml version="1.0" encoding="utf-8"?><testsuites name="pytest tests"><testsuite name="pytest" errors="6" failures="1" skipped="0" tests="48" time="12.382" timestamp="2026-08-08T18:11:53.850947+00:00" hostname="agent-env-7bed141a-f3de-4d77-9445-a413da7deda5"><testcase classname="tests.test_iter5_features.TestRoleEnforcement" name="test_staff_reports_forbidden" time="0.623" /><testcase classname="tests.test_iter5_features.TestRoleEnforcement" name="test_staff_post_opex_forbidden" time="0.045" /><testcase classname="tests.test_iter5_features.TestRoleEnforcement" name="test_staff_delete_opex_forbidden" time="0.046" /><testcase classname="tests.test_iter5_features.TestRoleEnforcement" name="test_staff_get_opex_allowed" time="0.087" /><testcase classname="tests.test_iter6_features.TestProductionLinkedPO" name="test_production_with_material_lines_computes_cost_and_breakdown" time="0.906" /><testcase classname="tests.test_iter5_features.TestRoleEnforcement" name="test_staff_get_dashboard_inventory_ready" time="0.282" /><testcase classname="tests.test_iter6_features.TestProductionLinkedPO" name="test_production_rejects_qty_exceeds_remaining_409" time="0.095" /><testcase classname="tests.test_iter6_features.TestProductionLinkedPO" name="test_production_rejects_missing_po_404" time="0.088" /><testcase classname="tests.test_iter5_features.TestRoleEnforcement" name="test_staff_can_post_sales_purchases_production" time="0.186" /><testcase classname="tests.test_iter6_features.TestProductionLinkedPO" name="test_production_rejects_invalid_line_422" time="0.085" /><testcase classname="tests.test_iter6_features.TestProductionLinkedPO" name="test_production_without_material_lines_uses_manual_cost" time="0.045" /><testcase classname="tests.test_iter6_features.TestProductionLinkedPO" name="test_production_output_qty_zero_422" time="0.043" /><testcase classname="tests.test_iter6_features.TestProductionLinkedPO" name="test_production_hpp_computation" time="0.046" /><testcase classname="tests.test_iter6_features.TestChangePassword" name="test_no_auth_401" time="0.103" /><testcase classname="tests.test_iter7_audit_log.TestBusinessInstrumentation" name="test_purchase_logged" time="0.906" /><testcase classname="tests.test_iter6_features.TestChangePassword" name="test_wrong_current_401" time="0.763" /><testcase classname="tests.test_iter6_features.TestChangePassword" name="test_short_new_password_422" time="0.045" /><testcase classname="tests.test_iter6_features.TestChangePassword" name="test_change_password_flow_and_restore" time="3.099" /><testcase classname="tests.test_iter7_audit_log.TestBusinessInstrumentation" name="test_production_logged" time="0.787" /><testcase classname="tests.test_iter7_audit_log.TestBusinessInstrumentation" name="test_sale_logged" time="0.396" /><testcase classname="tests.test_iter7_audit_log.TestBusinessInstrumentation" name="test_opex_create_and_delete_logged" time="1.159" /><testcase classname="tests.test_iter7_audit_log.TestBusinessInstrumentation" name="test_change_password_logged" time="0.835" /><testcase classname="tests.test_iter6_features.TestChangePassword" name="test_admin_change_and_restore" time="3.257" /><testcase classname="tests.test_iter7_audit_log.TestRegression" name="test_reports_monthly_ok" time="0.234" /><testcase classname="tests.test_iter7_audit_log.TestRegression" name="test_reports_all" time="0.488" /><testcase classname="tests.test_iter7_audit_log.TestRegression" name="test_opex_list" time="0.045" /><testcase classname="tests.test_iter7_audit_log.TestRegression" name="test_staff_cannot_reports" time="0.798" /><testcase classname="tests.test_iter5_features.TestOpExCRUD" name="test_post_opex_bad_period_422" time="0.555"><error message="failed on setup with &quot;AssertionError: login admin@liniar.id failed: 401 {&quot;detail&quot;:&quot;Email atau password tidak sesuai&quot;}&#10;assert 401 == 200&#10; +  where 401 = &lt;Response [401]&gt;.status_code&quot;">backend/tests/test_iter5_features.py:30: in admin_session
    s, _ = _login(ADMIN_EMAIL, ADMIN_PASSWORD)
           ^^^^^^^^^^^^^^^^^^^^^^^^^^^^^^^^^^^
backend/tests/test_iter5_features.py:24: in _login
    assert r.status_code == 200, f"login {email} failed: {r.status_code} {r.text}"
E   AssertionError: login admin@liniar.id failed: 401 {"detail":"Email atau password tidak sesuai"}
E   assert 401 == 200
E    +  where 401 = &lt;Response [401]&gt;.status_code</error></testcase><testcase classname="tests.test_iter5_features.TestOpExCRUD" name="test_post_opex_negative_amount_422" time="0.000"><error message="failed on setup with &quot;AssertionError: login admin@liniar.id failed: 401 {&quot;detail&quot;:&quot;Email atau password tidak sesuai&quot;}&#10;assert 401 == 200&#10; +  where 401 = &lt;Response [401]&gt;.status_code&quot;">backend/tests/test_iter5_features.py:30: in admin_session
    s, _ = _login(ADMIN_EMAIL, ADMIN_PASSWORD)
           ^^^^^^^^^^^^^^^^^^^^^^^^^^^^^^^^^^^
backend/tests/test_iter5_features.py:24: in _login
    assert r.status_code == 200, f"login {email} failed: {r.status_code} {r.text}"
E   AssertionError: login admin@liniar.id failed: 401 {"detail":"Email atau password tidak sesuai"}
E   assert 401 == 200
E    +  where 401 = &lt;Response [401]&gt;.status_code</error></testcase><testcase classname="tests.test_iter5_features.TestOpExCRUD" name="test_full_crud_flow" time="0.000"><error message="failed on setup with &quot;AssertionError: login admin@liniar.id failed: 401 {&quot;detail&quot;:&quot;Email atau password tidak sesuai&quot;}&#10;assert 401 == 200&#10; +  where 401 = &lt;Response [401]&gt;.status_code&quot;">backend/tests/test_iter5_features.py:30: in admin_session
    s, _ = _login(ADMIN_EMAIL, ADMIN_PASSWORD)
           ^^^^^^^^^^^^^^^^^^^^^^^^^^^^^^^^^^^
backend/tests/test_iter5_features.py:24: in _login
    assert r.status_code == 200, f"login {email} failed: {r.status_code} {r.text}"
E   AssertionError: login admin@liniar.id failed: 401 {"detail":"Email atau password tidak sesuai"}
E   assert 401 == 200
E    +  where 401 = &lt;Response [401]&gt;.status_code</error></testcase><testcase classname="tests.test_iter5_features.TestReportsDynamicOpEx" name="test_monthly_opex_matches_sum" time="0.000"><error message="failed on setup with &quot;AssertionError: login admin@liniar.id failed: 401 {&quot;detail&quot;:&quot;Email atau password tidak sesuai&quot;}&#10;assert 401 == 200&#10; +  where 401 = &lt;Response [401]&gt;.status_code&quot;">backend/tests/test_iter5_features.py:30: in admin_session
    s, _ = _login(ADMIN_EMAIL, ADMIN_PASSWORD)
           ^^^^^^^^^^^^^^^^^^^^^^^^^^^^^^^^^^^
backend/tests/test_iter5_features.py:24: in _login
    assert r.status_code == 200, f"login {email} failed: {r.status_code} {r.text}"
E   AssertionError: login admin@liniar.id failed: 401 {"detail":"Email atau password tidak sesuai"}
E   assert 401 == 200
E    +  where 401 = &lt;Response [401]&gt;.status_code</error></testcase><testcase classname="tests.test_iter5_features.TestReportsDynamicOpEx" name="test_quarterly_opex_sums_three_months" time="0.000"><error message="failed on setup with &quot;AssertionError: login admin@liniar.id failed: 401 {&quot;detail&quot;:&quot;Email atau password tidak sesuai&quot;}&#10;assert 401 == 200&#10; +  where 401 = &lt;Response [401]&gt;.status_code&quot;">backend/tests/test_iter5_features.py:30: in admin_session
    s, _ = _login(ADMIN_EMAIL, ADMIN_PASSWORD)
           ^^^^^^^^^^^^^^^^^^^^^^^^^^^^^^^^^^^
backend/tests/test_iter5_features.py:24: in _login
    assert r.status_code == 200, f"login {email} failed: {r.status_code} {r.text}"
E   AssertionError: login admin@liniar.id failed: 401 {"detail":"Email atau password tidak sesuai"}
E   assert 401 == 200
E    +  where 401 = &lt;Response [401]&gt;.status_code</error></testcase><testcase classname="tests.test_iter5_features.TestReportsDynamicOpEx" name="test_channel_filter_opex_zero" time="0.000"><error message="failed on setup with &quot;AssertionError: login admin@liniar.id failed: 401 {&quot;detail&quot;:&quot;Email atau password tidak sesuai&quot;}&#10;assert 401 == 200&#10; +  where 401 = &lt;Response [401]&gt;.status_code&quot;">backend/tests/test_iter5_features.py:30: in admin_session
    s, _ = _login(ADMIN_EMAIL, ADMIN_PASSWORD)
           ^^^^^^^^^^^^^^^^^^^^^^^^^^^^^^^^^^^
backend/tests/test_iter5_features.py:24: in _login
    assert r.status_code == 200, f"login {email} failed: {r.status_code} {r.text}"
E   AssertionError: login admin@liniar.id failed: 401 {"detail":"Email atau password tidak sesuai"}
E   assert 401 == 200
E    +  where 401 = &lt;Response [401]&gt;.status_code</error></testcase><testcase classname="tests.test_iter7_audit_log.TestActivityLogAccess" name="test_admin_can_list" time="0.951" /><testcase classname="tests.test_iter7_audit_log.TestFiltersPagination" name="test_filter_action_create" time="0.555" /><testcase classname="tests.test_iter7_audit_log.TestActivityLogAccess" name="test_staff_forbidden" time="0.596" /><testcase classname="tests.test_iter7_audit_log.TestFiltersPagination" name="test_filter_entity_opex" time="0.095" /><testcase classname="tests.test_iter7_audit_log.TestActivityLogAccess" name="test_no_auth_unauthorized" time="0.100" /><testcase classname="tests.test_iter7_audit_log.TestFiltersPagination" name="test_filter_user_email" time="0.055" /><testcase classname="tests.test_iter5_features.TestStaffAuth" name="test_staff_login_returns_role_staff" time="0.322" /><testcase classname="tests.test_iter7_audit_log.TestFiltersPagination" name="test_pagination_and_ordering" time="0.312"><failure message="AssertionError: assert False&#10; +  where False = &lt;built-in method isdisjoint of set object at 0xf885dce62340&gt;({'3126cc5a-c1df-4970-ba2d-f2448f7e2d1f', '6f726bbd-7a79-42e4-b6fe-1a7af075c4c7', '832b3200-2eb7-4feb-92fd-1a887ad7c09f', 'b60922e4-3f95-4cd5-be62-513cd671c5cb', 'd99264cc-95ab-4bb1-b9e9-2c4578e90df6'})&#10; +    where &lt;built-in method isdisjoint of set object at 0xf885dce62340&gt; = {'71cf4465-6d4e-4a12-822f-d763b4eaa8e2', '832b3200-2eb7-4feb-92fd-1a887ad7c09f', '8691f5d6-9b6b-4a20-a621-c581b9be49a9', '9beae991-2743-4833-b256-7cd2382079f9', 'a31829bb-8a1c-4fee-a9f5-7b2f6cd4fb1d'}.isdisjoint">backend/tests/test_iter7_audit_log.py:209: in test_pagination_and_ordering
    assert ids1.isdisjoint(ids2)
E   AssertionError: assert False
E    +  where False = &lt;built-in method isdisjoint of set object at 0xf885dce62340&gt;({'3126cc5a-c1df-4970-ba2d-f2448f7e2d1f', '6f726bbd-7a79-42e4-b6fe-1a7af075c4c7', '832b3200-2eb7-4feb-92fd-1a887ad7c09f', 'b60922e4-3f95-4cd5-be62-513cd671c5cb', 'd99264cc-95ab-4bb1-b9e9-2c4578e90df6'})
E    +    where &lt;built-in method isdisjoint of set object at 0xf885dce62340&gt; = {'71cf4465-6d4e-4a12-822f-d763b4eaa8e2', '832b3200-2eb7-4feb-92fd-1a887ad7c09f', '8691f5d6-9b6b-4a20-a621-c581b9be49a9', '9beae991-2743-4833-b256-7cd2382079f9', 'a31829bb-8a1c-4fee-a9f5-7b2f6cd4fb1d'}.isdisjoint</failure></testcase><testcase classname="tests.test_iter5_features.TestStaffAuth" name="test_staff_me" time="0.552" /><testcase classname="tests.test_iter5_features.TestSalesByChannel" name="test_shape_and_ordering" time="0.585" /><testcase classname="tests.test_iter5_features.TestSalesByChannel" name="test_current_month_reflects_sales" time="0.267" /><testcase classname="tests.test_iter6_features.TestPurchasesStorage" name="test_post_purchase_saves_remaining_and_status" time="0.403" /><testcase classname="tests.test_iter6_features.TestPurchasesStorage" name="test_get_purchases_lists_new_fields" time="0.320" /><testcase classname="tests.test_iter7_audit_log.TestLoginAudit" name="test_login_success_creates_log" time="1.255" /><testcase classname="tests.test_iter7_audit_log.TestLoginAudit" name="test_failed_login_not_logged" time="0.189" /></testsuite></testsuites>