<?xml version="1.0" encoding="utf-8"?><testsuites name="pytest tests"><testsuite name="pytest" errors="0" failures="0" skipped="0" tests="31" time="3.187" timestamp="2026-08-15T02:00:42.286861+00:00" hostname="agent-env-7bed141a-f3de-4d77-9445-a413da7deda5"><testcase classname="tests.test_iter17_balance_detail" name="test_balance_detail_requires_auth" time="0.258" /><testcase classname="tests.test_iter17_balance_detail" name="test_balance_detail_staff_forbidden" time="0.424" /><testcase classname="tests.test_iter17_balance_detail" name="test_balance_detail_invalid_kind" time="0.410" /><testcase classname="tests.test_iter17_balance_detail" name="test_balance_detail_schema[kas]" time="0.076" /><testcase classname="tests.test_iter17_balance_detail" name="test_balance_detail_schema[bank]" time="0.052" /><testcase classname="tests.test_iter17_balance_detail" name="test_balance_detail_schema[persediaan_bahan]" time="0.060" /><testcase classname="tests.test_iter17_balance_detail" name="test_balance_detail_schema[persediaan_barang_jadi]" time="0.062" /><testcase classname="tests.test_iter17_balance_detail" name="test_balance_detail_schema[aset_tetap]" time="0.050" /><testcase classname="tests.test_iter17_balance_detail" name="test_balance_detail_schema[utang_pinjaman]" time="0.052" /><testcase classname="tests.test_iter17_balance_detail" name="test_balance_detail_schema[modal_disetor]" time="0.078" /><testcase classname="tests.test_iter17_balance_detail" name="test_balance_detail_schema[laba_ditahan]" time="0.059" /><testcase classname="tests.test_iter17_balance_detail" name="test_kas_saldo_matches_reports" time="0.121" /><testcase classname="tests.test_iter17_balance_detail" name="test_bank_saldo_matches_reports" time="0.047" /><testcase classname="tests.test_iter17_balance_detail" name="test_utang_pinjaman_saldo" time="0.060" /><testcase classname="tests.test_iter17_balance_detail" name="test_modal_disetor_saldo" time="0.049" /><testcase classname="tests.test_iter17_balance_detail" name="test_aset_tetap_saldo" time="0.051" /><testcase classname="tests.test_iter17_balance_detail" name="test_persediaan_bahan_rows" time="0.051" /><testcase classname="tests.test_iter17_balance_detail" name="test_persediaan_barang_jadi_rows" time="0.058" /><testcase classname="tests.test_iter17_balance_detail" name="test_laba_ditahan_rows" time="0.051" /><testcase classname="tests.test_iter17_balance_detail" name="test_reports_psak_new_keys" time="0.000" /><testcase classname="tests.test_iter17_balance_detail" name="test_reports_balance_seimbang" time="0.000" /><testcase classname="tests.test_iter17_balance_detail" name="test_reports_detail_regression[revenue]" time="0.054" /><testcase classname="tests.test_iter17_balance_detail" name="test_reports_detail_regression[cogs]" time="0.050" /><testcase classname="tests.test_iter17_balance_detail" name="test_reports_detail_regression[opex]" time="0.054" /><testcase classname="tests.test_iter17_balance_detail" name="test_reports_detail_regression[purchases]" time="0.058" /><testcase classname="tests.test_iter17_balance_detail" name="test_reports_detail_regression[production]" time="0.055" /><testcase classname="tests.test_iter17_balance_detail" name="test_reports_detail_regression[cash_out]" time="0.063" /><testcase classname="tests.test_iter17_balance_detail" name="test_ledger_regression" time="0.062" /><testcase classname="tests.test_iter17_balance_detail" name="test_cash_movements_list" time="0.053" /><testcase classname="tests.test_iter17_balance_detail" name="test_assets_list" time="0.059" /><testcase classname="tests.test_iter17_balance_detail" name="test_auth_me" time="0.073" /></testsuite></testsuites>