<?xml version="1.0" encoding="utf-8"?><testsuites name="pytest tests"><testsuite name="pytest" errors="0" failures="0" skipped="0" tests="23" time="2.303" timestamp="2026-08-08T17:01:40.499294+00:00" hostname="agent-env-7bed141a-f3de-4d77-9445-a413da7deda5"><testcase classname="tests.backend_test.TestAuth" name="test_login_success_sets_cookie" time="0.651" /><testcase classname="tests.backend_test.TestAuth" name="test_protected_without_cookie_401" time="0.139" /><testcase classname="tests.backend_test.TestReportsPeriodFilter" name="test_granularity_all_no_previous" time="0.718" /><testcase classname="tests.backend_test.TestReportsPeriodFilter" name="test_granularity_monthly_2026_08" time="0.049" /><testcase classname="tests.backend_test.TestReportsPeriodFilter" name="test_granularity_quarterly_2026_q3" time="0.049" /><testcase classname="tests.backend_test.TestAuth" name="test_reports_without_cookie_401" time="0.136" /><testcase classname="tests.backend_test.TestReportsPeriodFilter" name="test_quarterly_q1_rollback_year" time="0.049" /><testcase classname="tests.backend_test.TestReportsPeriodFilter" name="test_monthly_january_rollback_year" time="0.049" /><testcase classname="tests.backend_test.TestReportsPeriodFilter" name="test_monthly_december_rollforward_year" time="0.048" /><testcase classname="tests.backend_test.TestReportsPeriodFilter" name="test_invalid_granularity_422" time="0.044" /><testcase classname="tests.backend_test.TestSales" name="test_sale_all_valid_channels" time="0.529" /><testcase classname="tests.backend_test.TestReportsPeriodFilter" name="test_monthly_without_period_422" time="0.046" /><testcase classname="tests.backend_test.TestReportsPeriodFilter" name="test_channel_shopee_plus_period_filter" time="0.054" /><testcase classname="tests.backend_test.TestReportsPeriodFilter" name="test_purchase_and_production_created_at_included_in_period" time="0.227" /><testcase classname="tests.backend_test.TestReports" name="test_reports_semua_has_channel_summary" time="0.077" /><testcase classname="tests.backend_test.TestReports" name="test_reports_shopee_filter" time="0.087" /><testcase classname="tests.backend_test.TestSales" name="test_sale_invalid_channel_marketplace_422" time="0.043" /><testcase classname="tests.backend_test.TestSales" name="test_sale_over_available_409" time="0.129" /><testcase classname="tests.backend_test.TestReports" name="test_reports_invalid_channel_422" time="0.048" /><testcase classname="tests.backend_test.TestInventory" name="test_inventory_list" time="0.089" /><testcase classname="tests.backend_test.TestPurchases" name="test_create_purchase_computes_total" time="0.086" /><testcase classname="tests.backend_test.TestInventory" name="test_ready_to_sell_fields" time="0.047" /><testcase classname="tests.backend_test.TestProduction" name="test_create_production_computes_hpp" time="0.046" /></testsuite></testsuites>