<?xml version="1.0" encoding="utf-8"?><testsuites name="pytest tests"><testsuite name="pytest" errors="0" failures="0" skipped="0" tests="13" time="2.016" timestamp="2026-08-08T16:52:22.649219+00:00" hostname="agent-env-7bed141a-f3de-4d77-9445-a413da7deda5"><testcase classname="tests.backend_test.TestAuth" name="test_login_success_sets_cookie" time="0.785" /><testcase classname="tests.backend_test.TestSales" name="test_sale_all_valid_channels" time="1.084" /><testcase classname="tests.backend_test.TestAuth" name="test_protected_without_cookie_401" time="0.125" /><testcase classname="tests.backend_test.TestAuth" name="test_reports_without_cookie_401" time="0.213" /><testcase classname="tests.backend_test.TestSales" name="test_sale_invalid_channel_marketplace_422" time="0.054" /><testcase classname="tests.backend_test.TestReports" name="test_reports_semua_has_channel_summary" time="0.113" /><testcase classname="tests.backend_test.TestSales" name="test_sale_over_available_409" time="0.098" /><testcase classname="tests.backend_test.TestReports" name="test_reports_shopee_filter" time="0.111" /><testcase classname="tests.backend_test.TestInventory" name="test_inventory_list" time="0.046" /><testcase classname="tests.backend_test.TestInventory" name="test_ready_to_sell_fields" time="0.046" /><testcase classname="tests.backend_test.TestProduction" name="test_create_production_computes_hpp" time="0.074" /><testcase classname="tests.backend_test.TestReports" name="test_reports_invalid_channel_422" time="0.105" /><testcase classname="tests.backend_test.TestPurchases" name="test_create_purchase_computes_total" time="0.068" /></testsuite></testsuites>