<?xml version="1.0" encoding="utf-8"?><testsuites name="pytest tests"><testsuite name="pytest" errors="0" failures="0" skipped="0" tests="6" time="3.125" timestamp="2026-08-08T16:33:53.314733+00:00" hostname="agent-env-7bed141a-f3de-4d77-9445-a413da7deda5"><testcase classname="tests.test_sales_flow" name="test_sales_requires_authentication" time="0.235" /><testcase classname="tests.test_sales_flow" name="test_sales_list_has_no_mongodb_object_id" time="0.403" /><testcase classname="tests.test_sales_flow" name="test_create_sale_calculates_totals_and_channel[Offline]" time="0.499" /><testcase classname="tests.test_sales_flow" name="test_create_sale_calculates_totals_and_channel[Bazar]" time="0.513" /><testcase classname="tests.test_sales_flow" name="test_create_sale_calculates_totals_and_channel[Marketplace]" time="0.580" /><testcase classname="tests.test_sales_flow" name="test_sale_over_available_stock_returns_conflict" time="0.406" /></testsuite></testsuites>